<?xml version="1.0" encoding="UTF-8"?>
<testsuite name="com.project.library.LibraryApplicationTests" tests="1" skipped="0" failures="0" errors="0" timestamp="2025-02-01T22:38:16" hostname="JODUT" time="0.309">
  <properties/>
  <testcase name="contextLoads()" classname="com.project.library.LibraryApplicationTests" time="0.309"/>
  <system-out><![CDATA[01:38:13.498 [Test worker] INFO org.springframework.test.context.support.AnnotationConfigContextLoaderUtils -- Could not detect default configuration classes for test class [com.project.library.LibraryApplicationTests]: LibraryApplicationTests does not declare any static, non-private, non-final, nested classes annotated with @Configuration.
01:38:13.583 [Test worker] INFO org.springframework.boot.test.context.SpringBootTestContextBootstrapper -- Found @SpringBootConfiguration com.project.library.LibraryApplication for test class com.project.library.LibraryApplicationTests

  .   ____          _            __ _ _
 /\\ / ___'_ __ _ _(_)_ __  __ _ \ \ \ \
( ( )\___ | '_ | '_| | '_ \/ _` | \ \ \ \
 \\/  ___)| |_)| | | | | || (_| |  ) ) ) )
  '  |____| .__|_| |_|_| |_\__, | / / / /
 =========|_|==============|___/=/_/_/_/

 :: Spring Boot ::                (v3.4.1)

2025-02-02T01:38:13.857+03:00  INFO 2312 --- [library] [    Test worker] c.p.library.LibraryApplicationTests      : Starting LibraryApplicationTests using Java 17.0.12 with PID 2312 (started by super in C:\Users\super\Desktop\projects\api)
2025-02-02T01:38:13.858+03:00  INFO 2312 --- [library] [    Test worker] c.p.library.LibraryApplicationTests      : No active profile set, falling back to 1 default profile: "default"
2025-02-02T01:38:14.398+03:00  INFO 2312 --- [library] [    Test worker] .s.d.r.c.RepositoryConfigurationDelegate : Bootstrapping Spring Data JPA repositories in DEFAULT mode.
2025-02-02T01:38:14.448+03:00  INFO 2312 --- [library] [    Test worker] .s.d.r.c.RepositoryConfigurationDelegate : Finished Spring Data repository scanning in 43 ms. Found 4 JPA repository interfaces.
2025-02-02T01:38:14.768+03:00  INFO 2312 --- [library] [    Test worker] o.hibernate.jpa.internal.util.LogHelper  : HHH000204: Processing PersistenceUnitInfo [name: default]
2025-02-02T01:38:14.818+03:00  INFO 2312 --- [library] [    Test worker] org.hibernate.Version                    : HHH000412: Hibernate ORM core version 6.6.4.Final
2025-02-02T01:38:14.842+03:00  INFO 2312 --- [library] [    Test worker] o.h.c.internal.RegionFactoryInitiator    : HHH000026: Second-level cache disabled
2025-02-02T01:38:15.038+03:00  INFO 2312 --- [library] [    Test worker] o.s.o.j.p.SpringPersistenceUnitInfo      : No LoadTimeWeaver setup: ignoring JPA class transformer
2025-02-02T01:38:15.059+03:00  INFO 2312 --- [library] [    Test worker] com.zaxxer.hikari.HikariDataSource       : HikariPool-1 - Starting...
2025-02-02T01:38:15.391+03:00  INFO 2312 --- [library] [    Test worker] com.zaxxer.hikari.pool.HikariPool        : HikariPool-1 - Added connection org.postgresql.jdbc.PgConnection@1bb4c431
2025-02-02T01:38:15.392+03:00  INFO 2312 --- [library] [    Test worker] com.zaxxer.hikari.HikariDataSource       : HikariPool-1 - Start completed.
2025-02-02T01:38:15.471+03:00  INFO 2312 --- [library] [    Test worker] org.hibernate.orm.connections.pooling    : HHH10001005: Database info:
	Database JDBC URL [Connecting through datasource 'HikariDataSource (HikariPool-1)']
	Database driver: undefined/unknown
	Database version: 17.2
	Autocommit mode: undefined/unknown
	Isolation level: undefined/unknown
	Minimum pool size: undefined/unknown
	Maximum pool size: undefined/unknown
2025-02-02T01:38:15.994+03:00  INFO 2312 --- [library] [    Test worker] o.h.e.t.j.p.i.JtaPlatformInitiator       : HHH000489: No JTA platform available (set 'hibernate.transaction.jta.platform' to enable JTA platform integration)
2025-02-02T01:38:16.059+03:00  INFO 2312 --- [library] [    Test worker] j.LocalContainerEntityManagerFactoryBean : Initialized JPA EntityManagerFactory for persistence unit 'default'
2025-02-02T01:38:16.286+03:00  INFO 2312 --- [library] [    Test worker] r$InitializeUserDetailsManagerConfigurer : Global AuthenticationManager configured with UserDetailsService bean with name userServiceImpl
2025-02-02T01:38:16.358+03:00  WARN 2312 --- [library] [    Test worker] JpaBaseConfiguration$JpaWebConfiguration : spring.jpa.open-in-view is enabled by default. Therefore, database queries may be performed during view rendering. Explicitly configure spring.jpa.open-in-view to disable this warning
2025-02-02T01:38:16.682+03:00  INFO 2312 --- [library] [    Test worker] o.s.v.b.OptionalValidatorFactoryBean     : Failed to set up a Bean Validation provider: jakarta.validation.NoProviderFoundException: Unable to create a Configuration, because no Jakarta Bean Validation provider could be found. Add a provider like Hibernate Validator (RI) to your classpath.
2025-02-02T01:38:16.848+03:00  INFO 2312 --- [library] [    Test worker] c.p.library.LibraryApplicationTests      : Started LibraryApplicationTests in 3.159 seconds (process running for 4.065)
]]></system-out>
  <system-err><![CDATA[]]></system-err>
</testsuite>
